<?xml version="1.0" encoding="UTF-8"?>
<!-- Generated by org.testng.reporters.JUnitXMLReporter -->
<testsuite ignored="0" hostname="Murali" failures="2" tests="2" name="Test" time="0.047" errors="0" timestamp="2025-01-21T17:49:17 IST">
  <testcase classname="com.testclasses.RegisterTest" name="registerpage" time="0.005">
    <failure type="java.lang.Error" message="Unresolved compilation problem: 
	The constructor RegisterPage() is undefined
">
      <![CDATA[java.lang.Error: Unresolved compilation problem: 
The constructor RegisterPage() is undefined

at com.testclasses.RegisterTest.registerpage(RegisterTest.java:13)
at java.base/java.util.ArrayList.forEach(ArrayList.java:1511)
... Removed 27 stack frames]]>
    </failure>
  </testcase> <!-- registerpage -->
  <testcase classname="com.testclasses.RegisterationPageTest" name="registerationPageTest" time="0.001">
    <failure type="java.lang.Error" message="Unresolved compilation problem: 
	The constructor RegisterPage() is undefined
">
      <![CDATA[java.lang.Error: Unresolved compilation problem: 
The constructor RegisterPage() is undefined

at com.testclasses.RegisterTest.registerpage(RegisterTest.java:13)
at com.testclasses.RegisterationPageTest.registerationPageTest(RegisterationPageTest.java:15)
at java.base/java.util.ArrayList.forEach(ArrayList.java:1511)
... Removed 27 stack frames]]>
    </failure>
  </testcase> <!-- registerationPageTest -->
</testsuite> <!-- Test -->
